This file contains any messages produced by compilers while
running configure, to aid debugging if configure makes a mistake.

It was created by configure, which was
generated by GNU Autoconf 2.57.  Invocation command line was

  $ ./configure 

## --------- ##
## Platform. ##
## --------- ##

hostname = calculate
uname -m = x86_64
uname -r = 2.6.32.8-calculate
uname -s = Linux
uname -v = #3 SMP PREEMPT Thu May 20 11:12:51 MSD 2010

/usr/bin/uname -p = Intel(R) Core(TM)2 Duo CPU E8400 @ 3.00GHz
/bin/uname -X     = unknown

/bin/arch              = unknown
/usr/bin/arch -k       = unknown
/usr/convex/getsysinfo = unknown
hostinfo               = unknown
/bin/machine           = unknown
/usr/bin/oslevel       = unknown
/bin/universe          = unknown

PATH: /usr/local/bin
PATH: /usr/bin
PATH: /bin
PATH: /opt/bin
PATH: /usr/x86_64-pc-linux-gnu/arm-softfloat-linux-gnu/gcc-bin/4.4.3
PATH: /usr/x86_64-pc-linux-gnu/arm-unknown-linux-gnu/gcc-bin/4.4.3
PATH: /usr/x86_64-pc-linux-gnu/avr/gcc-bin/4.4.3
PATH: /usr/x86_64-pc-linux-gnu/gcc-bin/4.3.4
PATH: /opt/vmware/workstation/bin
PATH: /etc/qnx/bin
PATH: /opt/qnx650/host/linux/x86/usr/bin
PATH: /etc/qnx/bin


## ----------- ##
## Core tests. ##
## ----------- ##

configure:1488: checking for a BSD-compatible install
configure:1542: result: /usr/bin/install -c
configure:1553: checking whether build environment is sane
configure:1596: result: yes
configure:1629: checking for gawk
configure:1645: found /usr/bin/gawk
configure:1655: result: gawk
configure:1665: checking whether make sets $(MAKE)
configure:1685: result: yes
configure:1908: checking for g++
configure:1924: found /usr/bin/g++
configure:1934: result: g++
configure:1950: checking for C++ compiler version
configure:1953: g++ --version </dev/null >&5
g++ (Gentoo 4.3.4 p1.0, pie-10.1.5) 4.3.4
Copyright (C) 2008 Free Software Foundation, Inc.
This is free software; see the source for copying conditions.  There is NO
warranty; not even for MERCHANTABILITY or FITNESS FOR A PARTICULAR PURPOSE.

configure:1956: $? = 0
configure:1958: g++ -v </dev/null >&5
Using built-in specs.
Target: x86_64-pc-linux-gnu
Configured with: /var/calculate/tmp/portage/sys-devel/gcc-4.3.4/work/gcc-4.3.4/configure --prefix=/usr --bindir=/usr/x86_64-pc-linux-gnu/gcc-bin/4.3.4 --includedir=/usr/lib/gcc/x86_64-pc-linux-gnu/4.3.4/include --datadir=/usr/share/gcc-data/x86_64-pc-linux-gnu/4.3.4 --mandir=/usr/share/gcc-data/x86_64-pc-linux-gnu/4.3.4/man --infodir=/usr/share/gcc-data/x86_64-pc-linux-gnu/4.3.4/info --with-gxx-include-dir=/usr/lib/gcc/x86_64-pc-linux-gnu/4.3.4/include/g++-v4 --host=x86_64-pc-linux-gnu --build=x86_64-pc-linux-gnu --disable-altivec --disable-fixed-point --enable-nls --without-included-gettext --with-system-zlib --disable-checking --disable-werror --enable-secureplt --enable-multilib --enable-libmudflap --disable-libssp --enable-libgomp --disable-libgcj --enable-languages=c,c++,treelang,fortran --enable-shared --enable-threads=posix --enable-__cxa_atexit --enable-clocale=gnu --with-bugurl=http://bugs.gentoo.org/ --with-pkgversion='Gentoo 4.3.4 p1.0, pie-10.1.5'
Thread model: posix
gcc version 4.3.4 (Gentoo 4.3.4 p1.0, pie-10.1.5) 
configure:1961: $? = 0
configure:1963: g++ -V </dev/null >&5
g++: '-V' option must have argument
configure:1966: $? = 1
configure:1990: checking for C++ compiler default output
configure:1993: g++    conftest.cc  >&5
configure:1996: $? = 0
configure:2042: result: a.out
configure:2047: checking whether the C++ compiler works
configure:2053: ./a.out
configure:2056: $? = 0
configure:2073: result: yes
configure:2080: checking whether we are cross compiling
configure:2082: result: no
configure:2085: checking for suffix of executables
configure:2087: g++ -o conftest    conftest.cc  >&5
configure:2090: $? = 0
configure:2115: result: 
configure:2121: checking for suffix of object files
configure:2143: g++ -c   conftest.cc >&5
configure:2146: $? = 0
configure:2168: result: o
configure:2172: checking whether we are using the GNU C++ compiler
configure:2197: g++ -c   conftest.cc >&5
configure:2200: $? = 0
configure:2203: test -s conftest.o
configure:2206: $? = 0
configure:2219: result: yes
configure:2225: checking whether g++ accepts -g
configure:2247: g++ -c -g  conftest.cc >&5
configure:2250: $? = 0
configure:2253: test -s conftest.o
configure:2256: $? = 0
configure:2267: result: yes
configure:2311: g++ -c -g -O2  conftest.cc >&5
configure:2314: $? = 0
configure:2317: test -s conftest.o
configure:2320: $? = 0
configure:2347: g++ -c -g -O2  conftest.cc >&5
configure: In function 'int main()':
configure:2344: error: 'exit' was not declared in this scope
configure:2350: $? = 1
configure: failed program was:
| #line 2330 "configure"
| /* confdefs.h.  */
| 
| #define PACKAGE_NAME ""
| #define PACKAGE_TARNAME ""
| #define PACKAGE_VERSION ""
| #define PACKAGE_STRING ""
| #define PACKAGE_BUGREPORT ""
| #define PACKAGE "resid"
| #define VERSION "0.16"
| /* end confdefs.h.  */
| 
| int
| main ()
| {
| exit (42);
|   ;
|   return 0;
| }
configure:2311: g++ -c -g -O2  conftest.cc >&5
configure:2314: $? = 0
configure:2317: test -s conftest.o
configure:2320: $? = 0
configure:2347: g++ -c -g -O2  conftest.cc >&5
configure:2350: $? = 0
configure:2353: test -s conftest.o
configure:2356: $? = 0
configure:2398: checking for style of include used by make
configure:2426: result: GNU
configure:2454: checking dependency style of g++
configure:2516: result: gcc3
configure:2525: checking whether the C++ compiler (g++ -g -Wall -O2 -funroll-loops -fomit-frame-pointer -fno-exceptions ) works
configure:2545: g++ -c -g -Wall -O2 -funroll-loops -fomit-frame-pointer -fno-exceptions  conftest.cc >&5
configure: In function 'int main()':
configure:2545: warning: unused variable 'test'
configure:2548: $? = 0
configure:2551: test -s conftest.o
configure:2554: $? = 0
configure:2556: result: yes
configure:2573: checking for perl
configure:2591: found /usr/bin/perl
configure:2603: result: /usr/bin/perl
configure:2684: checking build system type
configure:2702: result: x86_64-unknown-linux-gnu
configure:2710: checking host system type
configure:2724: result: x86_64-unknown-linux-gnu
configure:2778: checking for gcc
configure:2794: found /usr/bin/gcc
configure:2804: result: gcc
configure:3048: checking for C compiler version
configure:3051: gcc --version </dev/null >&5
gcc (Gentoo 4.3.4 p1.0, pie-10.1.5) 4.3.4
Copyright (C) 2008 Free Software Foundation, Inc.
This is free software; see the source for copying conditions.  There is NO
warranty; not even for MERCHANTABILITY or FITNESS FOR A PARTICULAR PURPOSE.

configure:3054: $? = 0
configure:3056: gcc -v </dev/null >&5
Using built-in specs.
Target: x86_64-pc-linux-gnu
Configured with: /var/calculate/tmp/portage/sys-devel/gcc-4.3.4/work/gcc-4.3.4/configure --prefix=/usr --bindir=/usr/x86_64-pc-linux-gnu/gcc-bin/4.3.4 --includedir=/usr/lib/gcc/x86_64-pc-linux-gnu/4.3.4/include --datadir=/usr/share/gcc-data/x86_64-pc-linux-gnu/4.3.4 --mandir=/usr/share/gcc-data/x86_64-pc-linux-gnu/4.3.4/man --infodir=/usr/share/gcc-data/x86_64-pc-linux-gnu/4.3.4/info --with-gxx-include-dir=/usr/lib/gcc/x86_64-pc-linux-gnu/4.3.4/include/g++-v4 --host=x86_64-pc-linux-gnu --build=x86_64-pc-linux-gnu --disable-altivec --disable-fixed-point --enable-nls --without-included-gettext --with-system-zlib --disable-checking --disable-werror --enable-secureplt --enable-multilib --enable-libmudflap --disable-libssp --enable-libgomp --disable-libgcj --enable-languages=c,c++,treelang,fortran --enable-shared --enable-threads=posix --enable-__cxa_atexit --enable-clocale=gnu --with-bugurl=http://bugs.gentoo.org/ --with-pkgversion='Gentoo 4.3.4 p1.0, pie-10.1.5'
Thread model: posix
gcc version 4.3.4 (Gentoo 4.3.4 p1.0, pie-10.1.5) 
configure:3059: $? = 0
configure:3061: gcc -V </dev/null >&5
gcc: '-V' option must have argument
configure:3064: $? = 1
configure:3067: checking whether we are using the GNU C compiler
configure:3092: gcc -c   conftest.c >&5
configure:3095: $? = 0
configure:3098: test -s conftest.o
configure:3101: $? = 0
configure:3114: result: yes
configure:3120: checking whether gcc accepts -g
configure:3142: gcc -c -g  conftest.c >&5
configure:3145: $? = 0
configure:3148: test -s conftest.o
configure:3151: $? = 0
configure:3162: result: yes
configure:3179: checking for gcc option to accept ANSI C
configure:3240: gcc  -c -g -O2  conftest.c >&5
configure:3243: $? = 0
configure:3246: test -s conftest.o
configure:3249: $? = 0
configure:3267: result: none needed
configure:3285: gcc -c -g -O2  conftest.c >&5
conftest.c:2: error: expected '=', ',', ';', 'asm' or '__attribute__' before 'me'
configure:3288: $? = 1
configure: failed program was:
| #ifndef __cplusplus
|   choke me
| #endif
configure:3399: checking dependency style of gcc
configure:3461: result: gcc3
configure:3488: checking for ld used by GCC
configure:3551: result: /usr/x86_64-pc-linux-gnu/bin/ld
configure:3560: checking if the linker (/usr/x86_64-pc-linux-gnu/bin/ld) is GNU ld
GNU ld (GNU Binutils) 2.18
configure:3572: result: yes
configure:3577: checking for /usr/x86_64-pc-linux-gnu/bin/ld option to reload object files
configure:3584: result: -r
configure:3589: checking for BSD-compatible nm
configure:3625: result: /usr/bin/nm -B
configure:3628: checking for a sed that does not truncate output
configure:3710: result: /bin/sed
configure:3713: checking whether ln -s works
configure:3717: result: yes
configure:3724: checking how to recognise dependent libraries
configure:3905: result: pass_all
configure:3918: checking command to parse /usr/bin/nm -B output
configure:4002: g++ -c -g -Wall -O2 -funroll-loops -fomit-frame-pointer -fno-exceptions  conftest.cc >&5
configure:4005: $? = 0
configure:4009: /usr/bin/nm -B conftest.o \| sed -n -e 's/^.*[ 	]\([ABCDGISTW][ABCDGISTW]*\)[ 	][ 	]*\(\)\([_A-Za-z][_A-Za-z0-9]*\)$/\1 \2\3 \3/p' \> conftest.nm
configure:4012: $? = 0
configure:4064: g++ -o conftest -g -Wall -O2 -funroll-loops -fomit-frame-pointer -fno-exceptions   conftest.cc conftstm.o >&5
configure:4067: $? = 0
configure:4111: result: ok
configure:4120: checking how to run the C++ preprocessor
configure:4152: g++ -E  conftest.cc
configure:4158: $? = 0
configure:4190: g++ -E  conftest.cc
configure:4194:28: error: ac_nonexistent.h: No such file or directory
configure:4196: $? = 1
configure: failed program was:
| #line 4181 "configure"
| /* confdefs.h.  */
| 
| #define PACKAGE_NAME ""
| #define PACKAGE_TARNAME ""
| #define PACKAGE_VERSION ""
| #define PACKAGE_STRING ""
| #define PACKAGE_BUGREPORT ""
| #define PACKAGE "resid"
| #define VERSION "0.16"
| #ifdef __cplusplus
| #include <stdlib.h>
| #endif
| /* end confdefs.h.  */
| #include <ac_nonexistent.h>
configure:4234: result: g++ -E
configure:4259: g++ -E  conftest.cc
configure:4265: $? = 0
configure:4297: g++ -E  conftest.cc
configure:4301:28: error: ac_nonexistent.h: No such file or directory
configure:4303: $? = 1
configure: failed program was:
| #line 4288 "configure"
| /* confdefs.h.  */
| 
| #define PACKAGE_NAME ""
| #define PACKAGE_TARNAME ""
| #define PACKAGE_VERSION ""
| #define PACKAGE_STRING ""
| #define PACKAGE_BUGREPORT ""
| #define PACKAGE "resid"
| #define VERSION "0.16"
| #ifdef __cplusplus
| #include <stdlib.h>
| #endif
| /* end confdefs.h.  */
| #include <ac_nonexistent.h>
configure:4346: checking for egrep
configure:4356: result: grep -E
configure:4361: checking for ANSI C header files
configure:4387: g++ -c -g -Wall -O2 -funroll-loops -fomit-frame-pointer -fno-exceptions  conftest.cc >&5
configure:4390: $? = 0
configure:4393: test -s conftest.o
configure:4396: $? = 0
configure:4488: g++ -o conftest -g -Wall -O2 -funroll-loops -fomit-frame-pointer -fno-exceptions   conftest.cc  >&5
configure:4491: $? = 0
configure:4493: ./conftest
configure:4496: $? = 0
configure:4511: result: yes
configure:4535: checking for sys/types.h
configure:4552: g++ -c -g -Wall -O2 -funroll-loops -fomit-frame-pointer -fno-exceptions  conftest.cc >&5
configure:4555: $? = 0
configure:4558: test -s conftest.o
configure:4561: $? = 0
configure:4572: result: yes
configure:4535: checking for sys/stat.h
configure:4552: g++ -c -g -Wall -O2 -funroll-loops -fomit-frame-pointer -fno-exceptions  conftest.cc >&5
configure:4555: $? = 0
configure:4558: test -s conftest.o
configure:4561: $? = 0
configure:4572: result: yes
configure:4535: checking for stdlib.h
configure:4552: g++ -c -g -Wall -O2 -funroll-loops -fomit-frame-pointer -fno-exceptions  conftest.cc >&5
configure:4555: $? = 0
configure:4558: test -s conftest.o
configure:4561: $? = 0
configure:4572: result: yes
configure:4535: checking for string.h
configure:4552: g++ -c -g -Wall -O2 -funroll-loops -fomit-frame-pointer -fno-exceptions  conftest.cc >&5
configure:4555: $? = 0
configure:4558: test -s conftest.o
configure:4561: $? = 0
configure:4572: result: yes
configure:4535: checking for memory.h
configure:4552: g++ -c -g -Wall -O2 -funroll-loops -fomit-frame-pointer -fno-exceptions  conftest.cc >&5
configure:4555: $? = 0
configure:4558: test -s conftest.o
configure:4561: $? = 0
configure:4572: result: yes
configure:4535: checking for strings.h
configure:4552: g++ -c -g -Wall -O2 -funroll-loops -fomit-frame-pointer -fno-exceptions  conftest.cc >&5
configure:4555: $? = 0
configure:4558: test -s conftest.o
configure:4561: $? = 0
configure:4572: result: yes
configure:4535: checking for inttypes.h
configure:4552: g++ -c -g -Wall -O2 -funroll-loops -fomit-frame-pointer -fno-exceptions  conftest.cc >&5
configure:4555: $? = 0
configure:4558: test -s conftest.o
configure:4561: $? = 0
configure:4572: result: yes
configure:4535: checking for stdint.h
configure:4552: g++ -c -g -Wall -O2 -funroll-loops -fomit-frame-pointer -fno-exceptions  conftest.cc >&5
configure:4555: $? = 0
configure:4558: test -s conftest.o
configure:4561: $? = 0
configure:4572: result: yes
configure:4535: checking for unistd.h
configure:4552: g++ -c -g -Wall -O2 -funroll-loops -fomit-frame-pointer -fno-exceptions  conftest.cc >&5
configure:4555: $? = 0
configure:4558: test -s conftest.o
configure:4561: $? = 0
configure:4572: result: yes
configure:4598: checking dlfcn.h usability
configure:4611: g++ -c -g -Wall -O2 -funroll-loops -fomit-frame-pointer -fno-exceptions  conftest.cc >&5
configure:4614: $? = 0
configure:4617: test -s conftest.o
configure:4620: $? = 0
configure:4630: result: yes
configure:4634: checking dlfcn.h presence
configure:4645: g++ -E  conftest.cc
configure:4651: $? = 0
configure:4670: result: yes
configure:4706: checking for dlfcn.h
configure:4713: result: yes
configure:4911: checking for ranlib
configure:4927: found /usr/bin/ranlib
configure:4938: result: ranlib
configure:4991: checking for strip
configure:5007: found /usr/bin/strip
configure:5018: result: strip
configure:5228: checking for objdir
configure:5239: result: .libs
configure:5256: checking for gcc option to produce PIC
configure:5402: result: -fPIC
configure:5406: checking if gcc PIC flag -fPIC works
configure:5430: g++ -c -g -Wall -O2 -funroll-loops -fomit-frame-pointer -fno-exceptions  conftest.cc >&5
configure:5433: $? = 0
configure:5436: test -s conftest.o
configure:5439: $? = 0
configure:5477: result: yes
configure:5493: checking if gcc static flag -static works
configure:5518: g++ -o conftest -g -Wall -O2 -funroll-loops -fomit-frame-pointer -fno-exceptions   -static conftest.cc  >&5
configure:5521: $? = 0
configure:5524: test -s conftest
configure:5527: $? = 0
configure:5543: result: yes
configure:5555: checking if gcc supports -c -o file.o
configure:5575: g++ -c -g -Wall -O2 -funroll-loops -fomit-frame-pointer -fno-exceptions  conftest.cc >&5
Assembler messages:
Fatal error: can't create conftest.o: Permission denied
configure:5599: result: no
configure:5673: checking if we can lock with hard links
configure:5681: result: yes
configure:5694: checking if gcc supports -fno-rtti -fno-exceptions
configure:5717: g++ -c -g -Wall -O2 -funroll-loops -fomit-frame-pointer -fno-exceptions  conftest.cc >&5
configure: In function 'int main()':
configure:5728: warning: unused variable 'some_variable'
configure:5720: $? = 0
configure:5723: test -s conftest.o
configure:5726: $? = 0
configure:5743: result: yes
configure:5754: checking whether the linker (/usr/x86_64-pc-linux-gnu/bin/ld) supports shared libraries
configure:6449: result: yes
configure:6454: checking how to hardcode library paths into programs
configure:6478: result: immediate
configure:6483: checking whether stripping libraries is possible
configure:6488: result: yes
configure:6499: checking dynamic linker characteristics
configure:6760: g++ -c -g -Wall -O2 -funroll-loops -fomit-frame-pointer -fno-exceptions  conftest.cc >&5
configure:6763: $? = 0
configure:6930: result: GNU/Linux ld.so
configure:6935: checking if libtool supports shared libraries
configure:6937: result: yes
configure:6940: checking whether to build shared libraries
configure:6961: result: no
configure:6964: checking whether to build static libraries
configure:6968: result: yes
configure:8261: checking for int
configure:8286: g++ -c -g -Wall -O2 -funroll-loops -fomit-frame-pointer -fno-exceptions  conftest.cc >&5
configure:8289: $? = 0
configure:8292: test -s conftest.o
configure:8295: $? = 0
configure:8306: result: yes
configure:8309: checking size of int
configure:8584: g++ -o conftest -g -Wall -O2 -funroll-loops -fomit-frame-pointer -fno-exceptions   conftest.cc  >&5
configure:8587: $? = 0
configure:8589: ./conftest
configure:8592: $? = 0
configure:8615: result: 4
configure:8629: checking for working bool
configure:8653: g++ -c -g -Wall -O2 -funroll-loops -fomit-frame-pointer -fno-exceptions  conftest.cc >&5
configure: In function 'int main()':
configure:8664: warning: unused variable 'flag'
configure:8656: $? = 0
configure:8659: test -s conftest.o
configure:8662: $? = 0
configure:8673: result: yes
configure:8819: creating ./config.status

## ---------------------- ##
## Running config.status. ##
## ---------------------- ##

This file was extended by config.status, which was
generated by GNU Autoconf 2.57.  Invocation command line was

  CONFIG_FILES    = 
  CONFIG_HEADERS  = 
  CONFIG_LINKS    = 
  CONFIG_COMMANDS = 
  $ ./config.status 

on calculate

config.status:664: creating Makefile
config.status:664: creating siddefs.h
config.status:789: executing depfiles commands

## ---------------- ##
## Cache variables. ##
## ---------------- ##

ac_cv_build=x86_64-unknown-linux-gnu
ac_cv_build_alias=x86_64-unknown-linux-gnu
ac_cv_c_compiler_gnu=yes
ac_cv_cxx_bool=yes
ac_cv_cxx_compiler_gnu=yes
ac_cv_env_CC_set=
ac_cv_env_CC_value=
ac_cv_env_CFLAGS_set=
ac_cv_env_CFLAGS_value=
ac_cv_env_CPPFLAGS_set=
ac_cv_env_CPPFLAGS_value=
ac_cv_env_CXXCPP_set=
ac_cv_env_CXXCPP_value=
ac_cv_env_CXXFLAGS_set=
ac_cv_env_CXXFLAGS_value=
ac_cv_env_CXX_set=
ac_cv_env_CXX_value=
ac_cv_env_LDFLAGS_set=
ac_cv_env_LDFLAGS_value=
ac_cv_env_build_alias_set=
ac_cv_env_build_alias_value=
ac_cv_env_host_alias_set=
ac_cv_env_host_alias_value=
ac_cv_env_target_alias_set=
ac_cv_env_target_alias_value=
ac_cv_exeext=
ac_cv_header_dlfcn_h=yes
ac_cv_header_inttypes_h=yes
ac_cv_header_memory_h=yes
ac_cv_header_stdc=yes
ac_cv_header_stdint_h=yes
ac_cv_header_stdlib_h=yes
ac_cv_header_string_h=yes
ac_cv_header_strings_h=yes
ac_cv_header_sys_stat_h=yes
ac_cv_header_sys_types_h=yes
ac_cv_header_unistd_h=yes
ac_cv_host=x86_64-unknown-linux-gnu
ac_cv_host_alias=x86_64-unknown-linux-gnu
ac_cv_objext=o
ac_cv_path_PERL=/usr/bin/perl
ac_cv_path_install='/usr/bin/install -c'
ac_cv_prog_AWK=gawk
ac_cv_prog_CXXCPP='g++ -E'
ac_cv_prog_ac_ct_CC=gcc
ac_cv_prog_ac_ct_CXX=g++
ac_cv_prog_ac_ct_RANLIB=ranlib
ac_cv_prog_ac_ct_STRIP=strip
ac_cv_prog_cc_g=yes
ac_cv_prog_cc_stdc=
ac_cv_prog_cxx_g=yes
ac_cv_prog_egrep='grep -E'
ac_cv_prog_make_make_set=yes
ac_cv_sizeof_int=4
ac_cv_type_int=yes
am_cv_CC_dependencies_compiler_type=gcc3
am_cv_CXX_dependencies_compiler_type=gcc3
lt_cv_compiler_c_o=no
lt_cv_deplibs_check_method=pass_all
lt_cv_file_magic_cmd='$MAGIC_CMD'
lt_cv_file_magic_test_file='/lib/libc.so.6 /lib/libc-2.10.1.so'
lt_cv_global_symbol_to_c_name_address='sed -n -e '\''s/^: \([^ ]*\) $/  {\"\1\", (lt_ptr) 0},/p'\'' -e '\''s/^[BCDEGRST] \([^ ]*\) \([^ ]*\)$/  {"\2", (lt_ptr) \&\2},/p'\'''
lt_cv_global_symbol_to_cdecl='sed -n -e '\''s/^. .* \(.*\)$/extern char \1;/p'\'''
lt_cv_ld_reload_flag=-r
lt_cv_path_LD=/usr/x86_64-pc-linux-gnu/bin/ld
lt_cv_path_NM='/usr/bin/nm -B'
lt_cv_path_SED=/bin/sed
lt_cv_prog_cc_can_build_shared=yes
lt_cv_prog_cc_no_builtin=
lt_cv_prog_cc_pic=' -fPIC'
lt_cv_prog_cc_pic_works=yes
lt_cv_prog_cc_shlib=
lt_cv_prog_cc_static=-static
lt_cv_prog_cc_static_works=yes
lt_cv_prog_cc_wl=-Wl,
lt_cv_prog_gnu_ld=yes
lt_cv_sys_global_symbol_pipe='sed -n -e '\''s/^.*[ 	]\([ABCDGISTW][ABCDGISTW]*\)[ 	][ 	]*\(\)\([_A-Za-z][_A-Za-z0-9]*\)$/\1 \2\3 \3/p'\'''

## ----------------- ##
## Output variables. ##
## ----------------- ##

ACLOCAL='${SHELL} /home/las/programming/perfectzx/resid-0.16/missing --run aclocal-1.6'
AMDEPBACKSLASH='\'
AMDEP_FALSE='#'
AMDEP_TRUE=''
AMTAR='${SHELL} /home/las/programming/perfectzx/resid-0.16/missing --run tar'
AUTOCONF='${SHELL} /home/las/programming/perfectzx/resid-0.16/missing --run autoconf'
AUTOHEADER='${SHELL} /home/las/programming/perfectzx/resid-0.16/missing --run autoheader'
AUTOMAKE='${SHELL} /home/las/programming/perfectzx/resid-0.16/missing --run automake-1.6'
AWK='gawk'
CC='gcc'
CCDEPMODE='depmode=gcc3'
CFLAGS='-g -O2'
CPPFLAGS=''
CXX='g++'
CXXCPP='g++ -E'
CXXDEPMODE='depmode=gcc3'
CXXFLAGS='-g -Wall -O2 -funroll-loops -fomit-frame-pointer -fno-exceptions'
DEFS='-DPACKAGE_NAME=\"\" -DPACKAGE_TARNAME=\"\" -DPACKAGE_VERSION=\"\" -DPACKAGE_STRING=\"\" -DPACKAGE_BUGREPORT=\"\" -DPACKAGE=\"resid\" -DVERSION=\"0.16\" -DSTDC_HEADERS=1 -DHAVE_SYS_TYPES_H=1 -DHAVE_SYS_STAT_H=1 -DHAVE_STDLIB_H=1 -DHAVE_STRING_H=1 -DHAVE_MEMORY_H=1 -DHAVE_STRINGS_H=1 -DHAVE_INTTYPES_H=1 -DHAVE_STDINT_H=1 -DHAVE_UNISTD_H=1 -DHAVE_DLFCN_H=1 -DSIZEOF_INT=4 '
DEPDIR='.deps'
ECHO='echo'
ECHO_C=''
ECHO_N='-n'
ECHO_T=''
EGREP='grep -E'
EXEEXT=''
INSTALL_DATA='${INSTALL} -m 644'
INSTALL_PROGRAM='${INSTALL}'
INSTALL_SCRIPT='${INSTALL}'
INSTALL_STRIP_PROGRAM='${SHELL} $(install_sh) -c -s'
LDFLAGS=''
LIBOBJS=''
LIBS=''
LIBTOOL='$(SHELL) $(top_builddir)/libtool'
LIBTOOL_DEPS='./ltmain.sh'
LN_S='ln -s'
LTLIBOBJS=''
LTVERSION='5:0:0'
MAKEINFO='${SHELL} /home/las/programming/perfectzx/resid-0.16/missing --run makeinfo'
OBJEXT='o'
PACKAGE='resid'
PACKAGE_BUGREPORT=''
PACKAGE_NAME=''
PACKAGE_STRING=''
PACKAGE_TARNAME=''
PACKAGE_VERSION=''
PATH_SEPARATOR=':'
PERL='/usr/bin/perl'
RANLIB='ranlib'
RESID_HAVE_BOOL='1'
RESID_INLINE='inline'
RESID_INLINING='1'
SET_MAKE=''
SHELL='/bin/sh'
STRIP='strip'
VERSION='0.16'
ac_ct_CC='gcc'
ac_ct_CXX='g++'
ac_ct_RANLIB='ranlib'
ac_ct_STRIP='strip'
am__include='include'
am__quote=''
bindir='${exec_prefix}/bin'
build='x86_64-unknown-linux-gnu'
build_alias=''
build_cpu='x86_64'
build_os='linux-gnu'
build_vendor='unknown'
datadir='${prefix}/share'
exec_prefix='${prefix}'
host='x86_64-unknown-linux-gnu'
host_alias=''
host_cpu='x86_64'
host_os='linux-gnu'
host_vendor='unknown'
includedir='${prefix}/include'
infodir='${prefix}/info'
install_sh='/home/las/programming/perfectzx/resid-0.16/install-sh'
libdir='${exec_prefix}/lib'
libexecdir='${exec_prefix}/libexec'
localstatedir='${prefix}/var'
mandir='${prefix}/man'
oldincludedir='/usr/include'
prefix='/usr/local'
program_transform_name='s,x,x,'
sbindir='${exec_prefix}/sbin'
sharedstatedir='${prefix}/com'
sysconfdir='${prefix}/etc'
target_alias=''

## ----------- ##
## confdefs.h. ##
## ----------- ##

#define HAVE_DLFCN_H 1
#define HAVE_INTTYPES_H 1
#define HAVE_MEMORY_H 1
#define HAVE_STDINT_H 1
#define HAVE_STDLIB_H 1
#define HAVE_STRINGS_H 1
#define HAVE_STRING_H 1
#define HAVE_SYS_STAT_H 1
#define HAVE_SYS_TYPES_H 1
#define HAVE_UNISTD_H 1
#define PACKAGE "resid"
#define PACKAGE_BUGREPORT ""
#define PACKAGE_NAME ""
#define PACKAGE_STRING ""
#define PACKAGE_TARNAME ""
#define PACKAGE_VERSION ""
#define SIZEOF_INT 4
#define STDC_HEADERS 1
#define VERSION "0.16"
#endif
#ifdef __cplusplus
#include <stdlib.h>

configure: exit 0
